<?xml version="1.0" encoding="UTF-8"?>
<!-- Generated by org.testng.reporters.JUnitXMLReporter -->
<testsuite ignored="2" hostname="LAPTOP-UDLNG9US" failures="0" tests="4" name="test2" time="42.236" errors="0" timestamp="2025-04-21T16:59:07 IST">
  <testcase classname="com.vtiger.crm.createorg.CreateOrg" name="createOrgName" time="5.177"/>
  <testcase classname="com.vtiger.crm.createorg.CreateOrg" name="createOrgWithCont" time="4.847"/>
  <testcase classname="com.vtiger.crm.createorg.CreateOrg" name="createOrgWithInd" time="3.429"/>
  <testcase classname="com.vtiger.crm.createorg.CreateContact" name="createContact" time="4.47"/>
  <testcase classname="com.vtiger.crm.generic.baseclassutility.BaseClass" name="@BeforeSuite beforeSuite" time="0.0">
    <ignored/>
  </testcase> <!-- @BeforeSuite beforeSuite -->
  <testcase classname="com.vtiger.crm.generic.baseclassutility.BaseClass" name="@AfterSuite afterSuite" time="0.0">
    <ignored/>
  </testcase> <!-- @AfterSuite afterSuite -->
</testsuite> <!-- test2 -->
