<?xml version="1.0" encoding="UTF-8"?>
<testng-results ignored="0" total="1" passed="1" failed="0" skipped="0">
  <reporter-output>
  </reporter-output>
  <suite started-at="2025-05-26T16:39:42 IST" name="Default suite" finished-at="2025-05-26T16:39:53 IST" duration-ms="11158">
    <groups>
    </groups>
    <test started-at="2025-05-26T16:39:42 IST" name="Default test" finished-at="2025-05-26T16:39:53 IST" duration-ms="11158">
      <class name="com.vtiger.crm.createorg.Amazon">
        <test-method signature="amazon()[pri:0, instance:com.vtiger.crm.createorg.Amazon@5e0e82ae]" started-at="2025-05-26T16:39:42 IST" name="amazon" finished-at="2025-05-26T16:39:53 IST" duration-ms="11089" status="PASS">
          <reporter-output>
          </reporter-output>
        </test-method> <!-- amazon -->
      </class> <!-- com.vtiger.crm.createorg.Amazon -->
    </test> <!-- Default test -->
  </suite> <!-- Default suite -->
</testng-results>
